16:10:48:  starting... 
16:10:48:  (86400, 16, 10, 5792, 350) 
16:10:48:  final: [0, 1067, 799, 1585, 836, 944, 502, 1399, 783, 494, 712, 631, 1138, 434, 1107, 545, 1489], max: [0, 1968, 799, 2121, 1849, 944, 524, 1933, 1507, 494, 1540, 631, 1715, 436, 1110, 545, 2196] 
16:10:48:  文件 0 完整存储，备份位置: [0, 1, 2] 
16:10:48:  文件 1 完整存储，备份位置: [3, 4, 5] 
16:10:48:  文件 2 完整存储，备份位置: [6, 7, 8] 
16:10:48:  文件 3 完整存储，备份位置: [9, 6, 7] 
16:10:48:  文件 4 完整存储，备份位置: [9, 8, 3] 
16:10:48:  文件 5 完整存储，备份位置: [4, 5, 0] 
16:10:48:  文件 6 完整存储，备份位置: [1, 2, 9] 
16:10:48:  文件 7 完整存储，备份位置: [8, 1, 2] 
16:10:48:  文件 8 完整存储，备份位置: [6, 7, 4] 
16:10:48:  文件 9 完整存储，备份位置: [5, 3, 0] 
16:10:48:  文件 10 完整存储，备份位置: [9, 6, 7] 
16:10:48:  文件 11 完整存储，备份位置: [5, 8, 4] 
16:10:48:  文件 12 完整存储，备份位置: [1, 2, 3] 
16:10:48:  文件 13 完整存储，备份位置: [0, 9, 1] 
16:10:48:  文件 14 完整存储，备份位置: [2, 3, 0] 
16:10:48:  文件 15 完整存储，备份位置: [5, 8, 4] 
16:10:48:  write assignment: [[None, None, None, None], [None, 1, 2, 3], [None, 4, 5, 6], [None, 7, 8, 9], [None, 10, 7, 8], [None, 10, 9, 4], [None, 5, 6, 1], [None, 2, 3, 10], [None, 9, 2, 3], [None, 7, 8, 5], [None, 6, 4, 1], [None, 10, 7, 8], [None, 6, 9, 5], [None, 2, 3, 4], [None, 1, 10, 2], [None, 3, 4, 1], [None, 6, 9, 5]] 
16:10:48:  min_cost: [0, 1067, 799, 1585, 836, 944, 502, 1399, 783, 494, 712, 631, 1138, 434, 1107, 545, 1489], max_cost: [0, 1968, 799, 2121, 1849, 944, 524, 1933, 1507, 494, 1540, 631, 1715, 436, 1110, 545, 2196] 
16:10:48:  disk cost: [0, 3933, 4790, 4228, 3434, 4422, 4640, 3546, 3546, 5939, 4917], sum: 43395 
16:10:48:  disk tags: [[], [1, 6, 10, 14, 15], [1, 7, 8, 13, 14], [1, 7, 8, 13, 15], [2, 5, 10, 13, 15], [2, 6, 9, 12, 16], [2, 6, 10, 12, 16], [3, 4, 9, 11], [3, 4, 9, 11], [3, 5, 8, 12, 16], [4, 5, 7, 11, 14]] 
16:10:48:  all_space_cost: 5792 
16:10:48:  all_space_cost: 5792 
16:10:48:  all_space_cost: 5792 
16:10:48:  all_space_cost: 5792 
16:10:48:  all_space_cost: 5792 
16:10:48:  all_space_cost: 5792 
16:10:48:  all_space_cost: 5792 
16:10:48:  all_space_cost: 5792 
16:10:48:  all_space_cost: 5792 
16:10:48:  all_space_cost: 5792 
16:10:48:  fragment_space_sizes: [[], [658, 606, 592, 3], [419, 368, 212, 3], [656, 575, 331, 2], [0, 1176, 1179, 3], [15, 15, 414, 926], [7, 274, 454, 417], [1357, 888, 1], [1357, 888, 1], [-20, -27, -49, -51], [425, 224, 224, 2]] 
16:10:48:  System break 
